{"C:\\Users\\paulp\\Projects\\newProjects\\mixtape\\src\\api\\fetchSongs.js": {"path":"C:\\Users\\paulp\\Projects\\newProjects\\mixtape\\src\\api\\fetchSongs.js","statementMap":{"0":{"start":{"line":3,"column":21},"end":{"line":8,"column":6}},"1":{"start":{"line":10,"column":4},"end":{"line":14,"column":5}},"2":{"start":{"line":11,"column":22},"end":{"line":11,"column":43}},"3":{"start":{"line":12,"column":8},"end":{"line":12,"column":69}},"4":{"start":{"line":13,"column":8},"end":{"line":13,"column":15}},"5":{"start":{"line":16,"column":17},"end":{"line":16,"column":38}},"6":{"start":{"line":17,"column":25},"end":{"line":28,"column":7}},"7":{"start":{"line":17,"column":57},"end":{"line":28,"column":5}},"8":{"start":{"line":20,"column":44},"end":{"line":20,"column":55}},"9":{"start":{"line":30,"column":4},"end":{"line":30,"column":24}}},"fnMap":{"0":{"name":"fetchSongs","decl":{"start":{"line":1,"column":22},"end":{"line":1,"column":32}},"loc":{"start":{"line":1,"column":47},"end":{"line":31,"column":1}},"line":1},"1":{"name":"(anonymous_1)","decl":{"start":{"line":17,"column":47},"end":{"line":17,"column":48}},"loc":{"start":{"line":17,"column":57},"end":{"line":28,"column":5}},"line":17},"2":{"name":"(anonymous_2)","decl":{"start":{"line":20,"column":34},"end":{"line":20,"column":35}},"loc":{"start":{"line":20,"column":44},"end":{"line":20,"column":55}},"line":20}},"branchMap":{"0":{"loc":{"start":{"line":10,"column":4},"end":{"line":14,"column":5}},"type":"if","locations":[{"start":{"line":10,"column":4},"end":{"line":14,"column":5}},{"start":{},"end":{}}],"line":10},"1":{"loc":{"start":{"line":24,"column":12},"end":{"line":26,"column":72}},"type":"cond-expr","locations":[{"start":{"line":24,"column":36},"end":{"line":24,"column":61}},{"start":{"line":25,"column":20},"end":{"line":26,"column":72}}],"line":24},"2":{"loc":{"start":{"line":25,"column":20},"end":{"line":26,"column":72}},"type":"cond-expr","locations":[{"start":{"line":25,"column":44},"end":{"line":25,"column":69}},{"start":{"line":26,"column":24},"end":{"line":26,"column":72}}],"line":25}},"s":{"0":2,"1":2,"2":1,"3":1,"4":1,"5":1,"6":1,"7":3,"8":3,"9":1},"f":{"0":2,"1":3,"2":3},"b":{"0":[1,1],"1":[1,2],"2":[1,1]},"_coverageSchema":"1a1c01bbd47fc00a2c39e90264f33305004495a9","hash":"fa614e781926591a560e7a7491802bd577b39fe4"}
,"C:\\Users\\paulp\\Projects\\newProjects\\mixtape\\src\\api\\login.js": {"path":"C:\\Users\\paulp\\Projects\\newProjects\\mixtape\\src\\api\\login.js","statementMap":{"0":{"start":{"line":1,"column":17},"end":{"line":1,"column":51}},"1":{"start":{"line":2,"column":58},"end":{"line":2,"column":82}},"2":{"start":{"line":5,"column":33},"end":{"line":9,"column":5}},"3":{"start":{"line":6,"column":25},"end":{"line":6,"column":89}},"4":{"start":{"line":7,"column":23},"end":{"line":7,"column":69}},"5":{"start":{"line":8,"column":8},"end":{"line":8,"column":82}},"6":{"start":{"line":8,"column":41},"end":{"line":8,"column":76}},"7":{"start":{"line":11,"column":23},"end":{"line":11,"column":47}},"8":{"start":{"line":13,"column":19},"end":{"line":17,"column":5}},"9":{"start":{"line":14,"column":24},"end":{"line":14,"column":41}},"10":{"start":{"line":15,"column":21},"end":{"line":15,"column":42}},"11":{"start":{"line":16,"column":8},"end":{"line":16,"column":60}},"12":{"start":{"line":19,"column":25},"end":{"line":24,"column":5}},"13":{"start":{"line":20,"column":8},"end":{"line":23,"column":33}},"14":{"start":{"line":26,"column":19},"end":{"line":26,"column":45}},"15":{"start":{"line":27,"column":26},"end":{"line":27,"column":46}},"16":{"start":{"line":29,"column":3},"end":{"line":29,"column":55}},"17":{"start":{"line":31,"column":18},"end":{"line":31,"column":100}},"18":{"start":{"line":32,"column":20},"end":{"line":32,"column":69}},"19":{"start":{"line":34,"column":19},"end":{"line":41,"column":5}},"20":{"start":{"line":43,"column":4},"end":{"line":43,"column":60}},"21":{"start":{"line":44,"column":4},"end":{"line":44,"column":46}},"22":{"start":{"line":48,"column":24},"end":{"line":48,"column":60}},"23":{"start":{"line":49,"column":25},"end":{"line":49,"column":62}},"24":{"start":{"line":50,"column":24},"end":{"line":50,"column":59}},"25":{"start":{"line":51,"column":16},"end":{"line":51,"column":56}},"26":{"start":{"line":53,"column":4},"end":{"line":115,"column":5}},"27":{"start":{"line":54,"column":8},"end":{"line":54,"column":45}},"28":{"start":{"line":55,"column":8},"end":{"line":55,"column":27}},"29":{"start":{"line":56,"column":11},"end":{"line":115,"column":5}},"30":{"start":{"line":57,"column":24},"end":{"line":67,"column":9}},"31":{"start":{"line":68,"column":25},"end":{"line":68,"column":50}},"32":{"start":{"line":71,"column":8},"end":{"line":81,"column":9}},"33":{"start":{"line":72,"column":25},"end":{"line":72,"column":46}},"34":{"start":{"line":73,"column":12},"end":{"line":73,"column":68}},"35":{"start":{"line":74,"column":12},"end":{"line":74,"column":70}},"36":{"start":{"line":75,"column":31},"end":{"line":75,"column":76}},"37":{"start":{"line":76,"column":12},"end":{"line":76,"column":60}},"38":{"start":{"line":77,"column":12},"end":{"line":77,"column":46}},"39":{"start":{"line":78,"column":12},"end":{"line":78,"column":37}},"40":{"start":{"line":80,"column":12},"end":{"line":80,"column":54}},"41":{"start":{"line":83,"column":26},"end":{"line":83,"column":69}},"42":{"start":{"line":84,"column":19},"end":{"line":84,"column":40}},"43":{"start":{"line":86,"column":29},"end":{"line":86,"column":66}},"44":{"start":{"line":88,"column":24},"end":{"line":100,"column":9}},"45":{"start":{"line":102,"column":25},"end":{"line":102,"column":50}},"46":{"start":{"line":104,"column":8},"end":{"line":114,"column":9}},"47":{"start":{"line":105,"column":25},"end":{"line":105,"column":46}},"48":{"start":{"line":106,"column":12},"end":{"line":106,"column":68}},"49":{"start":{"line":107,"column":12},"end":{"line":107,"column":70}},"50":{"start":{"line":108,"column":31},"end":{"line":108,"column":76}},"51":{"start":{"line":109,"column":12},"end":{"line":109,"column":60}},"52":{"start":{"line":110,"column":12},"end":{"line":110,"column":54}},"53":{"start":{"line":111,"column":12},"end":{"line":111,"column":37}},"54":{"start":{"line":113,"column":12},"end":{"line":113,"column":65}},"55":{"start":{"line":119,"column":21},"end":{"line":123,"column":6}},"56":{"start":{"line":125,"column":4},"end":{"line":130,"column":5}},"57":{"start":{"line":126,"column":21},"end":{"line":126,"column":42}},"58":{"start":{"line":127,"column":8},"end":{"line":127,"column":20}},"59":{"start":{"line":129,"column":8},"end":{"line":129,"column":38}}},"fnMap":{"0":{"name":"authorise","decl":{"start":{"line":4,"column":22},"end":{"line":4,"column":31}},"loc":{"start":{"line":4,"column":34},"end":{"line":45,"column":1}},"line":4},"1":{"name":"(anonymous_1)","decl":{"start":{"line":5,"column":33},"end":{"line":5,"column":34}},"loc":{"start":{"line":5,"column":45},"end":{"line":9,"column":5}},"line":5},"2":{"name":"(anonymous_2)","decl":{"start":{"line":8,"column":29},"end":{"line":8,"column":30}},"loc":{"start":{"line":8,"column":41},"end":{"line":8,"column":76}},"line":8},"3":{"name":"(anonymous_3)","decl":{"start":{"line":13,"column":19},"end":{"line":13,"column":20}},"loc":{"start":{"line":13,"column":36},"end":{"line":17,"column":5}},"line":13},"4":{"name":"(anonymous_4)","decl":{"start":{"line":19,"column":25},"end":{"line":19,"column":26}},"loc":{"start":{"line":19,"column":36},"end":{"line":24,"column":5}},"line":19},"5":{"name":"getToken","decl":{"start":{"line":47,"column":22},"end":{"line":47,"column":30}},"loc":{"start":{"line":47,"column":33},"end":{"line":116,"column":1}},"line":47},"6":{"name":"getUser","decl":{"start":{"line":118,"column":22},"end":{"line":118,"column":29}},"loc":{"start":{"line":118,"column":43},"end":{"line":131,"column":1}},"line":118}},"branchMap":{"0":{"loc":{"start":{"line":53,"column":4},"end":{"line":115,"column":5}},"type":"if","locations":[{"start":{"line":53,"column":4},"end":{"line":115,"column":5}},{"start":{"line":56,"column":11},"end":{"line":115,"column":5}}],"line":53},"1":{"loc":{"start":{"line":53,"column":8},"end":{"line":53,"column":47}},"type":"binary-expr","locations":[{"start":{"line":53,"column":8},"end":{"line":53,"column":19}},{"start":{"line":53,"column":23},"end":{"line":53,"column":47}}],"line":53},"2":{"loc":{"start":{"line":56,"column":11},"end":{"line":115,"column":5}},"type":"if","locations":[{"start":{"line":56,"column":11},"end":{"line":115,"column":5}},{"start":{"line":82,"column":11},"end":{"line":115,"column":5}}],"line":56},"3":{"loc":{"start":{"line":71,"column":8},"end":{"line":81,"column":9}},"type":"if","locations":[{"start":{"line":71,"column":8},"end":{"line":81,"column":9}},{"start":{"line":79,"column":15},"end":{"line":81,"column":9}}],"line":71},"4":{"loc":{"start":{"line":104,"column":8},"end":{"line":114,"column":9}},"type":"if","locations":[{"start":{"line":104,"column":8},"end":{"line":114,"column":9}},{"start":{"line":112,"column":15},"end":{"line":114,"column":9}}],"line":104},"5":{"loc":{"start":{"line":125,"column":4},"end":{"line":130,"column":5}},"type":"if","locations":[{"start":{"line":125,"column":4},"end":{"line":130,"column":5}},{"start":{"line":128,"column":11},"end":{"line":130,"column":5}}],"line":125}},"s":{"0":1,"1":1,"2":2,"3":2,"4":2,"5":2,"6":128,"7":2,"8":2,"9":2,"10":2,"11":2,"12":2,"13":2,"14":2,"15":2,"16":2,"17":2,"18":2,"19":2,"20":2,"21":2,"22":5,"23":5,"24":5,"25":5,"26":5,"27":1,"28":1,"29":4,"30":2,"31":2,"32":2,"33":1,"34":1,"35":1,"36":1,"37":1,"38":1,"39":1,"40":1,"41":2,"42":2,"43":2,"44":2,"45":2,"46":2,"47":1,"48":1,"49":1,"50":1,"51":1,"52":1,"53":1,"54":1,"55":2,"56":2,"57":1,"58":1,"59":1},"f":{"0":2,"1":2,"2":128,"3":2,"4":2,"5":5,"6":2},"b":{"0":[1,4],"1":[5,1],"2":[2,2],"3":[1,1],"4":[1,1],"5":[1,1]},"_coverageSchema":"1a1c01bbd47fc00a2c39e90264f33305004495a9","hash":"88f7b27a221b2610eec8a477802649468c1b8ec9"}
}
