TN:
SF:src\api\fetchSongs.js
FN:1,fetchSongs
FN:17,(anonymous_1)
FN:20,(anonymous_2)
FNF:3
FNH:3
FNDA:2,fetchSongs
FNDA:3,(anonymous_1)
FNDA:3,(anonymous_2)
DA:3,2
DA:10,2
DA:11,1
DA:12,1
DA:13,1
DA:16,1
DA:17,3
DA:20,3
DA:30,1
LF:9
LH:9
BRDA:10,0,0,1
BRDA:10,0,1,1
BRDA:24,1,0,1
BRDA:24,1,1,2
BRDA:25,2,0,1
BRDA:25,2,1,1
BRF:6
BRH:6
end_of_record
TN:
SF:src\api\login.js
FN:4,authorise
FN:5,(anonymous_1)
FN:8,(anonymous_2)
FN:13,(anonymous_3)
FN:19,(anonymous_4)
FN:47,getToken
FN:118,getUser
FNF:7
FNH:7
FNDA:2,authorise
FNDA:2,(anonymous_1)
FNDA:128,(anonymous_2)
FNDA:2,(anonymous_3)
FNDA:2,(anonymous_4)
FNDA:5,getToken
FNDA:2,getUser
DA:1,1
DA:2,1
DA:5,2
DA:6,2
DA:7,2
DA:8,128
DA:11,2
DA:13,2
DA:14,2
DA:15,2
DA:16,2
DA:19,2
DA:20,2
DA:26,2
DA:27,2
DA:29,2
DA:31,2
DA:32,2
DA:34,2
DA:43,2
DA:44,2
DA:48,5
DA:49,5
DA:50,5
DA:51,5
DA:53,5
DA:54,1
DA:55,1
DA:56,4
DA:57,2
DA:68,2
DA:71,2
DA:72,1
DA:73,1
DA:74,1
DA:75,1
DA:76,1
DA:77,1
DA:78,1
DA:80,1
DA:83,2
DA:84,2
DA:86,2
DA:88,2
DA:102,2
DA:104,2
DA:105,1
DA:106,1
DA:107,1
DA:108,1
DA:109,1
DA:110,1
DA:111,1
DA:113,1
DA:119,2
DA:125,2
DA:126,1
DA:127,1
DA:129,1
LF:59
LH:59
BRDA:53,0,0,1
BRDA:53,0,1,4
BRDA:53,1,0,5
BRDA:53,1,1,1
BRDA:56,2,0,2
BRDA:56,2,1,2
BRDA:71,3,0,1
BRDA:71,3,1,1
BRDA:104,4,0,1
BRDA:104,4,1,1
BRDA:125,5,0,1
BRDA:125,5,1,1
BRF:12
BRH:12
end_of_record
TN:
SF:src\api\saveToSpotify.js
FN:1,createPlaylist
FN:11,namePlaylist
FN:33,addTracksToPlaylist
FN:34,(anonymous_3)
FNF:4
FNH:4
FNDA:6,createPlaylist
FNDA:6,namePlaylist
FNDA:4,addTracksToPlaylist
FNDA:9,(anonymous_3)
DA:2,6
DA:3,6
DA:4,2
DA:5,2
DA:7,4
DA:8,4
DA:13,6
DA:24,6
DA:25,2
DA:26,2
DA:27,2
DA:29,4
DA:30,4
DA:34,9
DA:36,4
DA:47,4
DA:48,2
DA:49,2
DA:50,2
DA:53,2
LF:20
LH:20
BRDA:3,0,0,2
BRDA:3,0,1,4
BRDA:24,1,0,2
BRDA:24,1,1,4
BRDA:47,2,0,2
BRDA:47,2,1,2
BRF:6
BRH:6
end_of_record
